16:21:02.607 INFO  Reproduciendo: https://www.youtube.com/watch?v=Jrg9KxGNeJY 
16:23:47.327 INFO  Canción finalizada: https://www.youtube.com/watch?v=Jrg9KxGNeJY 
16:31:17.335 INFO  Reproduciendo: https://www.youtube.com/watch?v=Jrg9KxGNeJY 
16:31:56.840 INFO  Canción finalizada: https://www.youtube.com/watch?v=Jrg9KxGNeJY 
2025-01-27T19:36:15.405Z [INFO]: Reproduciendo: https://www.youtube.com/watch?v=Jrg9KxGNeJY
2025-01-27T19:38:50.060Z [INFO]: Canción finalizada: https://www.youtube.com/watch?v=Jrg9KxGNeJY
2025-01-27T19:39:04.749Z [INFO]: Reproduciendo: https://www.youtube.com/watch?v=-WpnPSChVRQ
2025-01-27T19:41:03.714Z [INFO]: Canción finalizada: https://www.youtube.com/watch?v=-WpnPSChVRQ
2025-01-27T19:50:15.115Z [INFO]: Reproduciendo: https://www.youtube.com/watch?v=Jrg9KxGNeJY
2025-01-27T19:50:23.538Z [INFO]: Reproduciendo: https://www.youtube.com/watch?v=Jrg9KxGNeJY
2025-01-27T19:51:33.650Z [INFO]: Canción finalizada: https://www.youtube.com/watch?v=Jrg9KxGNeJY
2025-01-27T19:54:42.891Z [INFO]: Reproduciendo: https://www.youtube.com/watch?v=Jrg9KxGNeJY
2025-01-27T19:54:57.255Z [INFO]: Canción finalizada: https://www.youtube.com/watch?v=Jrg9KxGNeJY
2025-01-27T19:55:10.849Z [INFO]: Reproduciendo: https://www.youtube.com/watch?v=-WpnPSChVRQ
2025-01-27T19:55:44.932Z [INFO]: Canción finalizada: https://www.youtube.com/watch?v=-WpnPSChVRQ
2025-01-27T19:56:32.726Z [INFO]: Reproduciendo: https://www.youtube.com/watch?v=Jrg9KxGNeJY
2025-01-27T19:56:41.463Z [INFO]: Canción finalizada: https://www.youtube.com/watch?v=Jrg9KxGNeJY
2025-01-27T19:56:53.928Z [INFO]: Reproduciendo: https://www.youtube.com/watch?v=-WpnPSChVRQ
2025-01-27T19:59:35.919Z [INFO]: Canción finalizada: https://www.youtube.com/watch?v=-WpnPSChVRQ
2025-01-27T20:00:52.613Z [INFO]: Apagando bot...
2025-01-27T22:51:37.441Z [INFO]: Reproduciendo: https://www.youtube.com/watch?v=vd-rsahq_5k
2025-01-27T22:52:21.836Z [INFO]: Canción finalizada: https://www.youtube.com/watch?v=vd-rsahq_5k
2025-01-27T22:52:31.708Z [INFO]: Reproduciendo: https://www.youtube.com/watch?v=IMq2zPfZ5jc
2025-01-27T22:53:02.839Z [INFO]: Canción finalizada: https://www.youtube.com/watch?v=IMq2zPfZ5jc
2025-01-27T22:56:28.310Z [INFO]: Reproduciendo: https://www.youtube.com/watch?v=Jrg9KxGNeJY
2025-01-27T22:59:05.425Z [INFO]: Canción finalizada: https://www.youtube.com/watch?v=Jrg9KxGNeJY
2025-01-27T23:23:11.968Z [INFO]: Apagando bot...
2025-01-27 20:23:48.392 [INFO]: Reproduciendo: https://www.youtube.com/watch?v=-WpnPSChVRQ
2025-01-27 20:25:03.375 [INFO]: Canción finalizada: https://www.youtube.com/watch?v=-WpnPSChVRQ
27-01-25 20:26:01.607 [INFO]: Reproduciendo: https://www.youtube.com/watch?v=Jrg9KxGNeJY
27-01-25 20:26:42.005 [INFO]: Canción finalizada: https://www.youtube.com/watch?v=Jrg9KxGNeJY
27-01-25 20:27 [INFO]: Reproduciendo: https://www.youtube.com/watch?v=f4D0lY6A3nU
27-01-25 20:28 [INFO]: Canción finalizada: https://www.youtube.com/watch?v=f4D0lY6A3nU
27-01-25 20:28 [INFO]: Apagando bot...
28-01-25 11:19 [INFO]: Reproduciendo: https://www.youtube.com/watch?v=Jrg9KxGNeJY
28-01-25 11:19 [INFO]: Canción finalizada: https://www.youtube.com/watch?v=Jrg9KxGNeJY
28-01-25 11:20 [INFO]: Reproduciendo: https://www.youtube.com/watch?v=-WpnPSChVRQ
28-01-25 11:22 [INFO]: Reproduciendo: https://www.youtube.com/watch?v=-WpnPSChVRQ
28-01-25 11:26 [INFO]: Canción finalizada: https://www.youtube.com/watch?v=-WpnPSChVRQ
28-01-25 11:59 [INFO]: Reproduciendo: https://www.youtube.com/watch?v=Jrg9KxGNeJY
28-01-25 12:05 [INFO]: Apagando bot...
28-01-25 16:12 [INFO]: Reproduciendo: https://www.youtube.com/watch?v=Jrg9KxGNeJY
28-01-25 16:19 [INFO]: Reproduciendo: https://www.youtube.com/watch?v=Jrg9KxGNeJY
28-01-25 16:23 [INFO]: Reproduciendo: https://www.youtube.com/watch?v=Jrg9KxGNeJY
28-01-25 16:24 [INFO]: Canción finalizada: https://www.youtube.com/watch?v=Jrg9KxGNeJY
28-01-25 16:24 [INFO]: Reproduciendo: https://www.youtube.com/watch?v=-WpnPSChVRQ
29-01-25 17:19 [INFO]: Reproduciendo: https://www.youtube.com/watch?v=Jrg9KxGNeJY
29-01-25 17:20 [INFO]: Canción finalizada: https://www.youtube.com/watch?v=Jrg9KxGNeJY
29-01-25 17:20 [INFO]: Reproduciendo: https://www.youtube.com/watch?v=-WpnPSChVRQ
29-01-25 17:20 [ERROR]: Error en interacción: The reply to this interaction has already been sent or deferred.
29-01-25 17:20 [ERROR]: Error en interacción: The reply to this interaction has already been sent or deferred.
29-01-25 17:22 [INFO]: Canción finalizada: https://www.youtube.com/watch?v=-WpnPSChVRQ
29-01-25 17:23 [INFO]: Apagando bot...
29-01-25 19:53 [INFO]: Reproduciendo: https://www.youtube.com/watch?v=Jrg9KxGNeJY
29-01-25 19:55 [INFO]: Apagando bot...
29-01-25 20:18 [INFO]: Reproduciendo: https://www.youtube.com/watch?v=Jrg9KxGNeJY
29-01-25 20:18 [ERROR]: Error en interacción: StringSelectMenuBuilder is not defined
29-01-25 20:20 [INFO]: Reproduciendo: https://www.youtube.com/watch?v=Jrg9KxGNeJY
29-01-25 20:23 [ERROR]: Error en interacción: The reply to this interaction has already been sent or deferred.
29-01-25 20:32 [INFO]: Reproduciendo: https://www.youtube.com/watch?v=-WpnPSChVRQ
29-01-25 20:37 [INFO]: Canción finalizada: https://www.youtube.com/watch?v=-WpnPSChVRQ
29-01-25 20:37 [INFO]: Apagando bot...
29-01-25 21:48 [INFO]: Reproduciendo: https://www.youtube.com/watch?v=-WpnPSChVRQ
29-01-25 21:49 [INFO]: Reproduciendo: https://www.youtube.com/watch?v=-WpnPSChVRQ
29-01-25 22:26 [ERROR]: Error yt-dlp: Command failed: yt-dlp -x --audio-format mp3 -o "C:\Users\fiae\botprueba\temp_audio_b65da93b-ce9a-47d5-a81e-1d1c89f3b926.mp3" "https://www.youtube.com/watch?v=5qap5aO4i9A"
ERROR: [youtube] 5qap5aO4i9A: We're processing this video. Check back later.

29-01-25 22:27 [ERROR]: Error yt-dlp: Command failed: yt-dlp -x --audio-format mp3 -o "C:\Users\fiae\botprueba\temp_audio_b426bccf-8112-4080-b816-65caa650c241.mp3" ""
ERROR: [generic] '' is not a valid URL. Set --default-search "ytsearch" (or run  yt-dlp "ytsearch:" ) to search YouTube

29-01-25 22:28 [ERROR]: Error yt-dlp: Command failed: yt-dlp -x --audio-format mp3 -o "C:\Users\fiae\botprueba\temp_audio_d22afa54-0a69-4320-8afd-5126358a6bf8.mp3" ""
ERROR: [generic] '' is not a valid URL. Set --default-search "ytsearch" (or run  yt-dlp "ytsearch:" ) to search YouTube

29-01-25 22:29 [INFO]: Reproduciendo: https://www.youtube.com/watch?v=vd-rsahq_5k
29-01-25 22:29 [ERROR]: Error en interacción: customId is not defined
29-01-25 22:29 [INFO]: Canción finalizada: https://www.youtube.com/watch?v=vd-rsahq_5k
29-01-25 22:30 [INFO]: Reproduciendo: https://www.youtube.com/watch?v=IMq2zPfZ5jc
29-01-25 22:32 [INFO]: Reproduciendo: https://www.youtube.com/watch?v=vd-rsahq_5k
29-01-25 22:33 [INFO]: Canción finalizada: https://www.youtube.com/watch?v=vd-rsahq_5k
29-01-25 22:33 [INFO]: Reproduciendo: https://www.youtube.com/watch?v=IMq2zPfZ5jc
29-01-25 22:36 [INFO]: Canción finalizada: https://www.youtube.com/watch?v=IMq2zPfZ5jc
29-01-25 22:36 [INFO]: Reproduciendo: https://www.youtube.com/watch?v=9swW1zLxntU
29-01-25 22:37 [INFO]: Canción finalizada: https://www.youtube.com/watch?v=9swW1zLxntU
29-01-25 22:37 [INFO]: Reproduciendo: https://www.youtube.com/watch?v=Xof-ahemHSc
29-01-25 22:40 [INFO]: Canción finalizada: https://www.youtube.com/watch?v=Xof-ahemHSc
29-01-25 22:40 [INFO]: Reproduciendo: https://www.youtube.com/watch?v=EUidCvN4tck
29-01-25 22:43 [INFO]: Canción finalizada: https://www.youtube.com/watch?v=EUidCvN4tck
29-01-25 22:43 [INFO]: Reproduciendo: https://www.youtube.com/watch?v=8LVZzysscJ0
29-01-25 22:45 [INFO]: Canción finalizada: https://www.youtube.com/watch?v=8LVZzysscJ0
29-01-25 22:46 [INFO]: Reproduciendo: https://www.youtube.com/watch?v=vd-rsahq_5k
29-01-25 22:47 [INFO]: Canción finalizada: https://www.youtube.com/watch?v=vd-rsahq_5k
29-01-25 22:47 [INFO]: Reproduciendo: https://www.youtube.com/watch?v=IMq2zPfZ5jc
29-01-25 22:50 [INFO]: Canción finalizada: https://www.youtube.com/watch?v=IMq2zPfZ5jc
29-01-25 22:54 [INFO]: Reproduciendo: https://www.youtube.com/watch?v=vd-rsahq_5k
29-01-25 22:54 [ERROR]: Error en interacción: Invalid Form Body
data.embeds[0].description[BASE_TYPE_REQUIRED]: This field is required
29-01-25 22:55 [INFO]: Canción finalizada: https://www.youtube.com/watch?v=vd-rsahq_5k
29-01-25 22:55 [INFO]: Reproduciendo: https://www.youtube.com/watch?v=IMq2zPfZ5jc
29-01-25 22:58 [INFO]: Reproduciendo: https://www.youtube.com/watch?v=vd-rsahq_5k
29-01-25 22:58 [ERROR]: Error en interacción: Invalid Form Body
data.embeds[0].description[BASE_TYPE_REQUIRED]: This field is required
29-01-25 22:59 [INFO]: Canción finalizada: https://www.youtube.com/watch?v=vd-rsahq_5k
29-01-25 22:59 [INFO]: Reproduciendo: https://www.youtube.com/watch?v=IMq2zPfZ5jc
29-01-25 23:03 [INFO]: Canción finalizada: https://www.youtube.com/watch?v=IMq2zPfZ5jc
29-01-25 23:04 [INFO]: Reproduciendo: https://www.youtube.com/watch?v=Jrg9KxGNeJY
29-01-25 23:04 [ERROR]: Error en interacción: The reply to this interaction has already been sent or deferred.
29-01-25 23:07 [INFO]: Canción finalizada: https://www.youtube.com/watch?v=Jrg9KxGNeJY
30-01-25 10:15 [INFO]: Reproduciendo: https://www.youtube.com/watch?v=Jrg9KxGNeJY
30-01-25 10:15 [ERROR]: Error en interacción: Invalid Form Body
data.embeds[0].description[BASE_TYPE_REQUIRED]: This field is required
30-01-25 10:17 [INFO]: Reproduciendo: https://www.youtube.com/watch?v=Jrg9KxGNeJY
30-01-25 10:18 [ERROR]: Error en interacción: Invalid Form Body
data.embeds[0].description[BASE_TYPE_REQUIRED]: This field is required
30-01-25 10:19 [INFO]: Reproduciendo: https://www.youtube.com/watch?v=Jrg9KxGNeJY
30-01-25 10:22 [INFO]: Reproduciendo: https://www.youtube.com/watch?v=-WpnPSChVRQ
30-01-25 10:22 [ERROR]: Error en interacción: Invalid Form Body
data.embeds[0].description[BASE_TYPE_REQUIRED]: This field is required
30-01-25 10:26 [INFO]: Canción finalizada: https://www.youtube.com/watch?v=-WpnPSChVRQ
30-01-25 10:29 [INFO]: Reproduciendo: https://www.youtube.com/watch?v=-WpnPSChVRQ
30-01-25 10:29 [ERROR]: Error en interacción: Invalid Form Body
data.embeds[0].description[BASE_TYPE_REQUIRED]: This field is required
30-01-25 10:31 [INFO]: Canción finalizada: https://www.youtube.com/watch?v=-WpnPSChVRQ
30-01-25 10:37 [INFO]: Reproduciendo: https://www.youtube.com/watch?v=-WpnPSChVRQ
30-01-25 10:38 [ERROR]: Error en interacción: Invalid Form Body
data.embeds[0].description[BASE_TYPE_REQUIRED]: This field is required
30-01-25 10:39 [INFO]: Canción finalizada: https://www.youtube.com/watch?v=-WpnPSChVRQ
30-01-25 10:54 [INFO]: Reproduciendo: https://www.youtube.com/watch?v=-WpnPSChVRQ
30-01-25 11:03 [INFO]: Reproduciendo: https://www.youtube.com/watch?v=-WpnPSChVRQ
30-01-25 11:04 [INFO]: Canción finalizada: https://www.youtube.com/watch?v=-WpnPSChVRQ
30-01-25 16:36 [INFO]: Reproduciendo: https://www.youtube.com/watch?v=-WpnPSChVRQ
30-01-25 16:38 [INFO]: Canción finalizada: https://www.youtube.com/watch?v=-WpnPSChVRQ
30-01-25 16:47 [INFO]: Reproduciendo: https://www.youtube.com/watch?v=-WpnPSChVRQ
30-01-25 16:48 [INFO]: Canción finalizada: https://www.youtube.com/watch?v=-WpnPSChVRQ
30-01-25 17:12 [INFO]: Reproduciendo: https://www.youtube.com/watch?v=Jrg9KxGNeJY
30-01-25 17:16 [WARN]: Conexión perdida. Intentando reconectar...
30-01-25 17:16 [INFO]: Reproduciendo: https://www.youtube.com/watch?v=Jrg9KxGNeJY
30-01-25 17:17 [INFO]: Canción finalizada: https://www.youtube.com/watch?v=Jrg9KxGNeJY
30-01-25 17:21 [INFO]: Reproduciendo: https://www.youtube.com/watch?v=-WpnPSChVRQ
30-01-25 17:28 [ERROR]: Error yt-dlp: Command failed: yt-dlp -x --audio-format mp3 -o "C:\Users\fiae\botprueba\temp_audio_52e02a33-584f-4a13-891a-cd561726fb26.mp3" "https://www.youtube.com/watch?v=AF7BjCmxYyw"

30-01-25 17:29 [ERROR]: Error yt-dlp: Command failed: yt-dlp -x --audio-format mp3 -o "C:\Users\fiae\botprueba\temp_audio_a93f6379-f3f5-4969-a957-1c4dade45b97.mp3" "https://www.youtube.com/watch?v=whuNOHBQTTE"

30-01-25 17:29 [WARN]: Conexión perdida. Intentando reconectar...
30-01-25 17:29 [WARN]: Conexión perdida. Intentando reconectar...
30-01-25 17:30 [ERROR]: Error yt-dlp: Command failed: yt-dlp -x --audio-format mp3 -o "C:\Users\fiae\botprueba\temp_audio_7dd184b9-bd0e-4f82-8bc5-483cebe2e169.mp3" "https://www.youtube.com/watch?v=QhJDnne1YpU"

30-01-25 17:30 [WARN]: Conexión perdida. Intentando reconectar...
30-01-25 17:30 [WARN]: Conexión perdida. Intentando reconectar...
30-01-25 17:30 [WARN]: Conexión perdida. Intentando reconectar...
30-01-25 17:41 [INFO]: Reproduciendo: https://www.youtube.com/watch?v=Jrg9KxGNeJY
30-01-25 17:44 [INFO]: Canción finalizada: https://www.youtube.com/watch?v=Jrg9KxGNeJY
30-01-25 17:52 [INFO]: Reproduciendo: https://www.youtube.com/watch?v=vd-rsahq_5k
30-01-25 17:53 [INFO]: Canción finalizada: https://www.youtube.com/watch?v=vd-rsahq_5k
30-01-25 17:53 [INFO]: Reproduciendo: https://www.youtube.com/watch?v=IMq2zPfZ5jc
30-01-25 17:53 [INFO]: Canción finalizada: https://www.youtube.com/watch?v=IMq2zPfZ5jc
30-01-25 17:56 [INFO]: Reproduciendo: https://www.youtube.com/watch?v=-WpnPSChVRQ
30-01-25 17:58 [INFO]: Canción finalizada: https://www.youtube.com/watch?v=-WpnPSChVRQ
30-01-25 17:59 [INFO]: Reproduciendo: https://www.youtube.com/watch?v=vd-rsahq_5k
30-01-25 17:59 [INFO]: Canción finalizada: https://www.youtube.com/watch?v=vd-rsahq_5k
